<?xml version="1.0" encoding="UTF-8"?>
<!-- Generated by org.testng.reporters.JUnitXMLReporter -->
<testsuite ignored="0" hostname="Mithuns-MacBook-Air-2.local" failures="0" tests="3" name="comtestnginfyni" time="26.869" errors="0" timestamp="17 Jun 2022 02:10:36 GMT">
  <testcase classname="testScripts.Parallel_Execution" name="doGooglePageExecution" time="7.658"/>
  <testcase classname="testScripts.Parallel_Execution" name="doInfyniageExecution" time="14.098"/>
  <testcase classname="testScripts.Parallel_Execution" name="dojetbrainsPageExecution" time="5.029"/>
</testsuite> <!-- comtestnginfyni -->
