<?xml version="1.0" encoding="UTF-8"?>
<!-- Generated by org.testng.reporters.JUnitXMLReporter -->
<testsuite ignored="12" hostname="Mithuns-MacBook-Air-2.local" failures="0" tests="4" name="HomePage" time="0.1" errors="0" timestamp="17 Jun 2022 02:07:57 GMT">
  <testcase classname="testScripts.Priority" name="hello" time="0.038"/>
  <testcase classname="testScripts.Grouping" name="Smoke1" time="0.0"/>
  <testcase classname="testScripts.Grouping" name="Smoke2" time="0.001"/>
  <testcase classname="testScripts.Grouping" name="Smoke3" time="0.0"/>
  <testcase classname="testScripts.Grouping" name="DevUnitTest1" time="0.0">
    <ignored/>
  </testcase> <!-- DevUnitTest1 -->
  <testcase classname="testScripts.Priority" name="test" time="0.0">
    <ignored/>
  </testcase> <!-- test -->
  <testcase classname="testScripts.Grouping" name="Sanity1" time="0.0">
    <ignored/>
  </testcase> <!-- Sanity1 -->
  <testcase classname="testScripts.Grouping" name="DevUnitTest2" time="0.0">
    <ignored/>
  </testcase> <!-- DevUnitTest2 -->
  <testcase classname="testScripts.Grouping" name="Sanity3" time="0.0">
    <ignored/>
  </testcase> <!-- Sanity3 -->
  <testcase classname="testScripts.Grouping" name="Regression2" time="0.0">
    <ignored/>
  </testcase> <!-- Regression2 -->
  <testcase classname="testScripts.Grouping" name="Regression3" time="0.0">
    <ignored/>
  </testcase> <!-- Regression3 -->
  <testcase classname="testScripts.Priority" name="cases" time="0.0">
    <ignored/>
  </testcase> <!-- cases -->
  <testcase classname="testScripts.Grouping" name="DevUnitTest3" time="0.0">
    <ignored/>
  </testcase> <!-- DevUnitTest3 -->
  <testcase classname="testScripts.Grouping" name="Sanity2" time="0.0">
    <ignored/>
  </testcase> <!-- Sanity2 -->
  <testcase classname="testScripts.Priority" name="sign" time="0.0">
    <ignored/>
  </testcase> <!-- sign -->
  <testcase classname="testScripts.Grouping" name="Regression1" time="0.0">
    <ignored/>
  </testcase> <!-- Regression1 -->
</testsuite> <!-- HomePage -->
