<?xml version="1.0" encoding="UTF-8"?>
<testng-results ignored="0" total="1" passed="1" failed="0" skipped="0">
  <reporter-output>
  </reporter-output>
  <suite started-at="2022-06-24T02:34:33Z" name="RegressionSuite" finished-at="2022-06-24T02:34:38Z" duration-ms="5505">
    <groups>
    </groups>
    <test started-at="2022-06-24T02:34:33Z" name="HomePage" finished-at="2022-06-24T02:34:38Z" duration-ms="5505">
      <class name="testScripts.CommonMethods">
        <test-method is-config="true" signature="doMyDataBaseConnection()[pri:0, instance:testScripts.CommonMethods@61d47554]" started-at="2022-06-24T02:34:33Z" name="doMyDataBaseConnection" finished-at="2022-06-24T02:34:33Z" duration-ms="23" status="PASS">
          <reporter-output>
          </reporter-output>
        </test-method> <!-- doMyDataBaseConnection -->
        <test-method is-config="true" signature="DisconnectMyDataBaseConnection()[pri:0, instance:testScripts.CommonMethods@61d47554]" started-at="2022-06-24T02:34:38Z" name="DisconnectMyDataBaseConnection" finished-at="2022-06-24T02:34:38Z" duration-ms="1" status="PASS">
          <reporter-output>
          </reporter-output>
        </test-method> <!-- DisconnectMyDataBaseConnection -->
      </class> <!-- testScripts.CommonMethods -->
      <class name="testScripts.HomePageTestCases">
        <test-method is-config="true" signature="launchApplication()[pri:0, instance:testScripts.HomePageTestCases@69b794e2]" started-at="2022-06-24T02:34:33Z" name="launchApplication" finished-at="2022-06-24T02:34:37Z" duration-ms="4576" status="PASS">
          <reporter-output>
          </reporter-output>
        </test-method> <!-- launchApplication -->
        <test-method signature="A_testMyHeaderModule(java.lang.String)[pri:0, instance:testScripts.HomePageTestCases@69b794e2]" started-at="2022-06-24T02:34:37Z" name="A_testMyHeaderModule" finished-at="2022-06-24T02:34:38Z" duration-ms="446" status="PASS">
          <params>
            <param index="0">
              <value>
                <![CDATA[Developer Tools,Team Tools,Learning Tools,Solutions,Support,Store]]>
              </value>
            </param>
          </params>
          <reporter-output>
          </reporter-output>
        </test-method> <!-- A_testMyHeaderModule -->
        <test-method is-config="true" signature="quitApp()[pri:0, instance:testScripts.HomePageTestCases@69b794e2]" started-at="2022-06-24T02:34:38Z" name="quitApp" finished-at="2022-06-24T02:34:38Z" duration-ms="440" status="PASS">
          <reporter-output>
          </reporter-output>
        </test-method> <!-- quitApp -->
      </class> <!-- testScripts.HomePageTestCases -->
    </test> <!-- HomePage -->
  </suite> <!-- RegressionSuite -->
</testng-results>
