<?xml version="1.0" encoding="UTF-8"?>
<testng-results ignored="0" total="7" passed="6" failed="1" skipped="0">
  <reporter-output>
  </reporter-output>
  <suite started-at="2022-06-22T02:23:54Z" name="RegressionSuite (0)" finished-at="2022-06-22T02:24:53Z" duration-ms="59328">
    <groups>
    </groups>
    <test started-at="2022-06-22T02:23:54Z" name="ParallelTestRun" finished-at="2022-06-22T02:24:53Z" duration-ms="59328">
      <class name="testScripts.Parallel_Execution1">
        <test-method is-config="true" signature="launchApplication()[pri:0, instance:testScripts.Parallel_Execution1@1ee807c6]" started-at="2022-06-22T02:23:54Z" name="launchApplication" finished-at="2022-06-22T02:23:54Z" duration-ms="0" status="PASS">
          <reporter-output>
          </reporter-output>
        </test-method> <!-- launchApplication -->
        <test-method signature="doYahooPageExecution()[pri:0, instance:testScripts.Parallel_Execution1@1ee807c6]" started-at="2022-06-22T02:23:54Z" name="doYahooPageExecution" finished-at="2022-06-22T02:24:05Z" duration-ms="11152" status="PASS">
          <reporter-output>
          </reporter-output>
        </test-method> <!-- doYahooPageExecution -->
        <test-method signature="domanual2AutomationPageExecution()[pri:0, instance:testScripts.Parallel_Execution1@1ee807c6]" started-at="2022-06-22T02:24:05Z" name="domanual2AutomationPageExecution" finished-at="2022-06-22T02:24:13Z" duration-ms="7892" status="PASS">
          <reporter-output>
          </reporter-output>
        </test-method> <!-- domanual2AutomationPageExecution -->
        <test-method signature="dow3SchoolPageExecution()[pri:0, instance:testScripts.Parallel_Execution1@1ee807c6]" started-at="2022-06-22T02:24:13Z" name="dow3SchoolPageExecution" finished-at="2022-06-22T02:24:39Z" duration-ms="25784" status="PASS">
          <reporter-output>
          </reporter-output>
        </test-method> <!-- dow3SchoolPageExecution -->
      </class> <!-- testScripts.Parallel_Execution1 -->
      <class name="testScripts.Parallel_Execution">
        <test-method is-config="true" signature="launchApplication()[pri:0, instance:testScripts.Parallel_Execution@1efee8e7]" started-at="2022-06-22T02:23:54Z" name="launchApplication" finished-at="2022-06-22T02:23:54Z" duration-ms="0" status="PASS">
          <reporter-output>
          </reporter-output>
        </test-method> <!-- launchApplication -->
        <test-method signature="doGooglePageExecution()[pri:0, instance:testScripts.Parallel_Execution@1efee8e7]" started-at="2022-06-22T02:23:54Z" name="doGooglePageExecution" finished-at="2022-06-22T02:24:02Z" duration-ms="8076" status="PASS">
          <reporter-output>
          </reporter-output>
        </test-method> <!-- doGooglePageExecution -->
        <test-method signature="doInfyniageExecution()[pri:0, instance:testScripts.Parallel_Execution@1efee8e7]" started-at="2022-06-22T02:24:02Z" name="doInfyniageExecution" finished-at="2022-06-22T02:24:47Z" duration-ms="45217" status="PASS">
          <reporter-output>
          </reporter-output>
        </test-method> <!-- doInfyniageExecution -->
        <test-method signature="dojetbrainsPageExecution()[pri:0, instance:testScripts.Parallel_Execution@1efee8e7]" started-at="2022-06-22T02:24:47Z" name="dojetbrainsPageExecution" finished-at="2022-06-22T02:24:53Z" duration-ms="6028" status="PASS">
          <reporter-output>
          </reporter-output>
        </test-method> <!-- dojetbrainsPageExecution -->
      </class> <!-- testScripts.Parallel_Execution -->
    </test> <!-- ParallelTestRun -->
  </suite> <!-- RegressionSuite (0) -->
  <suite started-at="2022-06-22T02:23:47Z" name="RegressionSuite" finished-at="2022-06-22T02:23:54Z" duration-ms="6535">
    <groups>
    </groups>
    <test started-at="2022-06-22T02:23:47Z" name="HomePage" finished-at="2022-06-22T02:23:54Z" duration-ms="6535">
      <class name="testScripts.HomePageTestCases">
        <test-method is-config="true" signature="launchApplication()[pri:0, instance:testScripts.HomePageTestCases@17baae6e]" started-at="2022-06-22T02:23:47Z" name="launchApplication" finished-at="2022-06-22T02:23:54Z" duration-ms="6222" status="PASS">
          <reporter-output>
          </reporter-output>
        </test-method> <!-- launchApplication -->
        <test-method signature="A_testMyHeaderModule(java.lang.String)[pri:0, instance:testScripts.HomePageTestCases@17baae6e]" started-at="2022-06-22T02:23:54Z" name="A_testMyHeaderModule" finished-at="2022-06-22T02:23:54Z" duration-ms="91" status="FAIL">
          <params>
            <param index="0">
              <value>
                <![CDATA[$(HeaderOptions)]]>
              </value>
            </param>
          </params>
          <exception class="org.openqa.selenium.NoSuchElementException">
            <message>
              <![CDATA[no such element: Unable to locate element: {"method":"xpath","selector":"(//button[contains(.,'$(HeaderOptions)')])[1]"}
  (Session info: chrome=102.0.5005.115)
For documentation on this error, please visit: https://www.seleniumhq.org/exceptions/no_such_element.html
Build info: version: '3.141.59', revision: 'e82be7d358', time: '2018-11-14T08:17:03'
System info: host: 'Mithuns-MacBook-Air-2.local', ip: 'fe80:0:0:0:4b:d963:84e3:d688%en0', os.name: 'Mac OS X', os.arch: 'x86_64', os.version: '10.13.4', java.version: '14.0.1'
Driver info: org.openqa.selenium.chrome.ChromeDriver
Capabilities {acceptInsecureCerts: false, browserName: chrome, browserVersion: 102.0.5005.115, chrome: {chromedriverVersion: 101.0.4951.41 (93c720db8323..., userDataDir: /var/folders/ns/jys6dhcd605...}, goog:chromeOptions: {debuggerAddress: localhost:62922}, javascriptEnabled: true, networkConnectionEnabled: false, pageLoadStrategy: normal, platform: MAC, platformName: MAC, proxy: Proxy(), setWindowRect: true, strictFileInteractability: false, timeouts: {implicit: 0, pageLoad: 300000, script: 30000}, unhandledPromptBehavior: dismiss and notify, webauthn:extension:credBlob: true, webauthn:extension:largeBlob: true, webauthn:virtualAuthenticators: true}
Session ID: 1da6748363cf358620825982e2be662c
*** Element info: {Using=xpath, value=(//button[contains(.,'$(HeaderOptions)')])[1]}]]>
            </message>
            <full-stacktrace>
              <![CDATA[org.openqa.selenium.NoSuchElementException: no such element: Unable to locate element: {"method":"xpath","selector":"(//button[contains(.,'$(HeaderOptions)')])[1]"}
  (Session info: chrome=102.0.5005.115)
For documentation on this error, please visit: https://www.seleniumhq.org/exceptions/no_such_element.html
Build info: version: '3.141.59', revision: 'e82be7d358', time: '2018-11-14T08:17:03'
System info: host: 'Mithuns-MacBook-Air-2.local', ip: 'fe80:0:0:0:4b:d963:84e3:d688%en0', os.name: 'Mac OS X', os.arch: 'x86_64', os.version: '10.13.4', java.version: '14.0.1'
Driver info: org.openqa.selenium.chrome.ChromeDriver
Capabilities {acceptInsecureCerts: false, browserName: chrome, browserVersion: 102.0.5005.115, chrome: {chromedriverVersion: 101.0.4951.41 (93c720db8323..., userDataDir: /var/folders/ns/jys6dhcd605...}, goog:chromeOptions: {debuggerAddress: localhost:62922}, javascriptEnabled: true, networkConnectionEnabled: false, pageLoadStrategy: normal, platform: MAC, platformName: MAC, proxy: Proxy(), setWindowRect: true, strictFileInteractability: false, timeouts: {implicit: 0, pageLoad: 300000, script: 30000}, unhandledPromptBehavior: dismiss and notify, webauthn:extension:credBlob: true, webauthn:extension:largeBlob: true, webauthn:virtualAuthenticators: true}
Session ID: 1da6748363cf358620825982e2be662c
*** Element info: {Using=xpath, value=(//button[contains(.,'$(HeaderOptions)')])[1]}
at java.base/jdk.internal.reflect.NativeConstructorAccessorImpl.newInstance0(Native Method)
at java.base/jdk.internal.reflect.NativeConstructorAccessorImpl.newInstance(NativeConstructorAccessorImpl.java:62)
at java.base/jdk.internal.reflect.DelegatingConstructorAccessorImpl.newInstance(DelegatingConstructorAccessorImpl.java:45)
at java.base/java.lang.reflect.Constructor.newInstanceWithCaller(Constructor.java:500)
at java.base/java.lang.reflect.Constructor.newInstance(Constructor.java:481)
at org.openqa.selenium.remote.http.W3CHttpResponseCodec.createException(W3CHttpResponseCodec.java:187)
at org.openqa.selenium.remote.http.W3CHttpResponseCodec.decode(W3CHttpResponseCodec.java:122)
at org.openqa.selenium.remote.http.W3CHttpResponseCodec.decode(W3CHttpResponseCodec.java:49)
at org.openqa.selenium.remote.HttpCommandExecutor.execute(HttpCommandExecutor.java:158)
at org.openqa.selenium.remote.service.DriverCommandExecutor.execute(DriverCommandExecutor.java:83)
at org.openqa.selenium.remote.RemoteWebDriver.execute(RemoteWebDriver.java:552)
at org.openqa.selenium.remote.RemoteWebDriver.findElement(RemoteWebDriver.java:323)
at org.openqa.selenium.remote.RemoteWebDriver.findElementByXPath(RemoteWebDriver.java:428)
at org.openqa.selenium.By$ByXPath.findElement(By.java:353)
at org.openqa.selenium.remote.RemoteWebDriver.findElement(RemoteWebDriver.java:315)
at reusable.Action.checkForPresenceOfAWebElement(Action.java:21)
at testScripts.HomePageTestCases.A_testMyHeaderModule(HomePageTestCases.java:43)
at java.base/jdk.internal.reflect.NativeMethodAccessorImpl.invoke0(Native Method)
at java.base/jdk.internal.reflect.NativeMethodAccessorImpl.invoke(NativeMethodAccessorImpl.java:62)
at java.base/jdk.internal.reflect.DelegatingMethodAccessorImpl.invoke(DelegatingMethodAccessorImpl.java:43)
at java.base/java.lang.reflect.Method.invoke(Method.java:564)
at org.testng.internal.MethodInvocationHelper.invokeMethod(MethodInvocationHelper.java:124)
at org.testng.internal.Invoker.invokeMethod(Invoker.java:583)
at org.testng.internal.Invoker.invokeTestMethod(Invoker.java:719)
at org.testng.internal.Invoker.invokeTestMethods(Invoker.java:989)
at org.testng.internal.TestMethodWorker.invokeTestMethods(TestMethodWorker.java:125)
at org.testng.internal.TestMethodWorker.run(TestMethodWorker.java:109)
at org.testng.TestRunner.privateRun(TestRunner.java:648)
at org.testng.TestRunner.run(TestRunner.java:505)
at org.testng.SuiteRunner.runTest(SuiteRunner.java:455)
at org.testng.SuiteRunner.runSequentially(SuiteRunner.java:450)
at org.testng.SuiteRunner.privateRun(SuiteRunner.java:415)
at org.testng.SuiteRunner.run(SuiteRunner.java:364)
at org.testng.SuiteRunnerWorker.runSuite(SuiteRunnerWorker.java:52)
at org.testng.SuiteRunnerWorker.run(SuiteRunnerWorker.java:84)
at org.testng.TestNG.runSuitesSequentially(TestNG.java:1208)
at org.testng.TestNG.runSuitesLocally(TestNG.java:1137)
at org.testng.TestNG.runSuites(TestNG.java:1049)
at org.testng.TestNG.run(TestNG.java:1017)
at org.apache.maven.surefire.testng.TestNGExecutor.run(TestNGExecutor.java:283)
at org.apache.maven.surefire.testng.TestNGXmlTestSuite.execute(TestNGXmlTestSuite.java:75)
at org.apache.maven.surefire.testng.TestNGProvider.invoke(TestNGProvider.java:120)
at org.apache.maven.surefire.booter.ForkedBooter.runSuitesInProcess(ForkedBooter.java:377)
at org.apache.maven.surefire.booter.ForkedBooter.execute(ForkedBooter.java:138)
at org.apache.maven.surefire.booter.ForkedBooter.run(ForkedBooter.java:465)
at org.apache.maven.surefire.booter.ForkedBooter.main(ForkedBooter.java:451)
]]>
            </full-stacktrace>
          </exception> <!-- org.openqa.selenium.NoSuchElementException -->
          <reporter-output>
          </reporter-output>
        </test-method> <!-- A_testMyHeaderModule -->
        <test-method is-config="true" signature="quitApp()[pri:0, instance:testScripts.HomePageTestCases@17baae6e]" started-at="2022-06-22T02:23:54Z" name="quitApp" finished-at="2022-06-22T02:23:54Z" duration-ms="184" status="PASS">
          <reporter-output>
          </reporter-output>
        </test-method> <!-- quitApp -->
      </class> <!-- testScripts.HomePageTestCases -->
      <class name="testScripts.CommonMethods">
        <test-method is-config="true" signature="doMyDataBaseConnection()[pri:0, instance:testScripts.CommonMethods@43d7741f]" started-at="2022-06-22T02:23:47Z" name="doMyDataBaseConnection" finished-at="2022-06-22T02:23:47Z" duration-ms="25" status="PASS">
          <reporter-output>
          </reporter-output>
        </test-method> <!-- doMyDataBaseConnection -->
        <test-method is-config="true" signature="DisconnectMyDataBaseConnection()[pri:0, instance:testScripts.CommonMethods@43d7741f]" started-at="2022-06-22T02:23:54Z" name="DisconnectMyDataBaseConnection" finished-at="2022-06-22T02:23:54Z" duration-ms="2" status="PASS">
          <reporter-output>
          </reporter-output>
        </test-method> <!-- DisconnectMyDataBaseConnection -->
      </class> <!-- testScripts.CommonMethods -->
    </test> <!-- HomePage -->
  </suite> <!-- RegressionSuite -->
</testng-results>
