<?xml version="1.0" encoding="UTF-8"?>
<!-- Generated by org.testng.reporters.JUnitXMLReporter -->
<testsuite ignored="0" hostname="Mithuns-MacBook-Air-2.local" failures="0" tests="6" name="ParallelTestRun" time="59.328" errors="0" timestamp="22 Jun 2022 02:24:53 GMT">
  <testcase classname="testScripts.Parallel_Execution" name="doGooglePageExecution" time="8.076"/>
  <testcase classname="testScripts.Parallel_Execution1" name="doYahooPageExecution" time="11.152"/>
  <testcase classname="testScripts.Parallel_Execution1" name="domanual2AutomationPageExecution" time="7.892"/>
  <testcase classname="testScripts.Parallel_Execution1" name="dow3SchoolPageExecution" time="25.784"/>
  <testcase classname="testScripts.Parallel_Execution" name="doInfyniageExecution" time="45.217"/>
  <testcase classname="testScripts.Parallel_Execution" name="dojetbrainsPageExecution" time="6.028"/>
</testsuite> <!-- ParallelTestRun -->
